[0m11:10:42.703692 [debug] [MainThread]: Sending event: {'category': 'dbt', 'action': 'invocation', 'label': 'start', 'context': [<snowplow_tracker.self_describing_json.SelfDescribingJson object at 0x000001A6F93B19D0>, <snowplow_tracker.self_describing_json.SelfDescribingJson object at 0x000001A6F79E9390>, <snowplow_tracker.self_describing_json.SelfDescribingJson object at 0x000001A6F8E86090>]}


============================== 11:10:42.703692 | 6b313d79-9d71-4cb5-9302-68868138aef3 ==============================
[0m11:10:42.703692 [info ] [MainThread]: Running with dbt=1.7.3
[0m11:10:42.703692 [debug] [MainThread]: running dbt with arguments {'printer_width': '80', 'indirect_selection': 'eager', 'log_cache_events': 'False', 'write_json': 'True', 'partial_parse': 'True', 'cache_selected_only': 'False', 'warn_error': 'None', 'fail_fast': 'False', 'debug': 'False', 'log_path': 'logs', 'profiles_dir': 'C:\\Users\\Vivek\\.dbt', 'version_check': 'True', 'use_colors': 'True', 'use_experimental_parser': 'False', 'no_print': 'None', 'quiet': 'False', 'warn_error_options': 'WarnErrorOptions(include=[], exclude=[])', 'static_parser': 'True', 'log_format': 'default', 'introspect': 'True', 'target_path': 'None', 'invocation_command': 'dbt init', 'send_anonymous_usage_stats': 'True'}
[0m11:10:49.711972 [debug] [MainThread]: Starter project path: C:\Users\Vivek\AppData\Local\Programs\Python\Python311\Lib\site-packages\dbt\include\starter_project
[0m11:10:49.732299 [info ] [MainThread]: 
Your new dbt project "proj2" was created!

For more information on how to configure the profiles.yml file,
please consult the dbt documentation here:

  https://docs.getdbt.com/docs/configure-your-profile

One more thing:

Need help? Don't hesitate to reach out to us via GitHub issues or on Slack:

  https://community.getdbt.com/

Happy modeling!

[0m11:10:49.733633 [info ] [MainThread]: Setting up your profile.
[0m12:12:18.472410 [debug] [MainThread]: Sending event: {'category': 'dbt', 'action': 'invocation', 'label': 'start', 'context': [<snowplow_tracker.self_describing_json.SelfDescribingJson object at 0x00000190D8142CD0>, <snowplow_tracker.self_describing_json.SelfDescribingJson object at 0x00000190D8140D10>, <snowplow_tracker.self_describing_json.SelfDescribingJson object at 0x00000190D8115910>]}


============================== 12:12:18.488037 | f65160eb-b915-4576-a5e4-9e67fc7241b1 ==============================
[0m12:12:18.488037 [info ] [MainThread]: Running with dbt=1.7.3
[0m12:12:18.488037 [debug] [MainThread]: running dbt with arguments {'printer_width': '80', 'indirect_selection': 'eager', 'log_cache_events': 'False', 'write_json': 'True', 'partial_parse': 'True', 'cache_selected_only': 'False', 'profiles_dir': 'C:\\Users\\Vivek\\.dbt', 'debug': 'False', 'fail_fast': 'False', 'log_path': 'logs', 'version_check': 'True', 'warn_error': 'None', 'use_colors': 'True', 'use_experimental_parser': 'False', 'no_print': 'None', 'quiet': 'False', 'warn_error_options': 'WarnErrorOptions(include=[], exclude=[])', 'invocation_command': 'dbt debug', 'introspect': 'True', 'static_parser': 'True', 'target_path': 'None', 'log_format': 'default', 'send_anonymous_usage_stats': 'True'}
[0m12:12:18.488037 [info ] [MainThread]: dbt version: 1.7.3
[0m12:12:18.488037 [info ] [MainThread]: python version: 3.11.7
[0m12:12:18.488037 [info ] [MainThread]: python path: C:\Users\Vivek\AppData\Local\Programs\Python\Python311\python.exe
[0m12:12:18.488037 [info ] [MainThread]: os info: Windows-10-10.0.22621-SP0
[0m12:12:18.845022 [info ] [MainThread]: Using profiles dir at C:\Users\Vivek\.dbt
[0m12:12:18.845022 [info ] [MainThread]: Using profiles.yml file at C:\Users\Vivek\.dbt\profiles.yml
[0m12:12:18.845022 [info ] [MainThread]: Using dbt_project.yml file at C:\Users\Vivek\.dbt\dbt_project.yml
[0m12:12:18.845022 [info ] [MainThread]: adapter type: snowflake
[0m12:12:18.845022 [info ] [MainThread]: adapter version: 1.7.0
[0m12:12:18.845022 [info ] [MainThread]: Configuration:
[0m12:12:18.845022 [info ] [MainThread]:   profiles.yml file [[32mOK found and valid[0m]
[0m12:12:18.845022 [info ] [MainThread]:   dbt_project.yml file [[31mERROR not found[0m]
[0m12:12:18.854754 [info ] [MainThread]: Required dependencies:
[0m12:12:18.855781 [debug] [MainThread]: Executing "git --help"
[0m12:12:18.863138 [info ] [MainThread]:  - git [[31mERROR[0m]

[0m12:12:18.864164 [info ] [MainThread]: Connection:
[0m12:12:18.865166 [info ] [MainThread]:   account: sw07540.ap-southeast-1
[0m12:12:18.866169 [info ] [MainThread]:   user: VIVEK
[0m12:12:18.866169 [info ] [MainThread]:   database: ANALYTICS
[0m12:12:18.867172 [info ] [MainThread]:   warehouse: COMPUTE_WH
[0m12:12:18.868174 [info ] [MainThread]:   role: ACCOUNTADMIN
[0m12:12:18.868174 [info ] [MainThread]:   schema: schem1
[0m12:12:18.870554 [info ] [MainThread]:   authenticator: None
[0m12:12:18.870554 [info ] [MainThread]:   private_key_path: None
[0m12:12:18.870554 [info ] [MainThread]:   token: None
[0m12:12:18.870554 [info ] [MainThread]:   oauth_client_id: None
[0m12:12:18.870554 [info ] [MainThread]:   query_tag: None
[0m12:12:18.870554 [info ] [MainThread]:   client_session_keep_alive: False
[0m12:12:18.870554 [info ] [MainThread]:   host: None
[0m12:12:18.870554 [info ] [MainThread]:   port: None
[0m12:12:18.870554 [info ] [MainThread]:   proxy_host: None
[0m12:12:18.870554 [info ] [MainThread]:   proxy_port: None
[0m12:12:18.870554 [info ] [MainThread]:   protocol: None
[0m12:12:18.870554 [info ] [MainThread]:   connect_retries: 1
[0m12:12:18.870554 [info ] [MainThread]:   connect_timeout: None
[0m12:12:18.870554 [info ] [MainThread]:   retry_on_database_errors: False
[0m12:12:18.870554 [info ] [MainThread]:   retry_all: False
[0m12:12:18.880153 [info ] [MainThread]:   insecure_mode: False
[0m12:12:18.881179 [info ] [MainThread]:   reuse_connections: None
[0m12:12:18.881179 [info ] [MainThread]: Registered adapter: snowflake=1.7.0
[0m12:12:18.882182 [debug] [MainThread]: Acquiring new snowflake connection 'debug'
[0m12:12:18.883184 [debug] [MainThread]: Using snowflake connection "debug"
[0m12:12:18.883184 [debug] [MainThread]: On debug: select 1 as id
[0m12:12:18.884620 [debug] [MainThread]: Opening a new connection, currently in state init
[0m12:12:20.068162 [debug] [MainThread]: SQL status: SUCCESS 1 in 1.0 seconds
[0m12:12:20.068162 [debug] [MainThread]: On debug: Close
[0m12:12:20.316733 [info ] [MainThread]:   Connection test: [[32mOK connection ok[0m]

[0m12:12:20.316733 [info ] [MainThread]: [31m2 checks failed:[0m
[0m12:12:20.316733 [info ] [MainThread]: Project loading failed for the following reason:
 project path <C:\Users\Vivek\.dbt\dbt_project.yml> not found

[0m12:12:20.316733 [info ] [MainThread]: Error from git --help: Could not find command, ensure it is in the user's PATH and that the user has permissions to run it: "git"

[0m12:12:20.316733 [debug] [MainThread]: Command `dbt debug` failed at 12:12:20.316733 after 1.90 seconds
[0m12:12:20.316733 [debug] [MainThread]: Connection 'debug' was properly closed.
[0m12:12:20.316733 [debug] [MainThread]: Sending event: {'category': 'dbt', 'action': 'invocation', 'label': 'end', 'context': [<snowplow_tracker.self_describing_json.SelfDescribingJson object at 0x00000190D8606F50>, <snowplow_tracker.self_describing_json.SelfDescribingJson object at 0x00000190D7E4B750>, <snowplow_tracker.self_describing_json.SelfDescribingJson object at 0x00000190D81ED290>]}
[0m12:12:20.316733 [debug] [MainThread]: Flushing usage events
[0m13:28:31.839837 [debug] [MainThread]: Sending event: {'category': 'dbt', 'action': 'invocation', 'label': 'start', 'context': [<snowplow_tracker.self_describing_json.SelfDescribingJson object at 0x00000177969C5C50>, <snowplow_tracker.self_describing_json.SelfDescribingJson object at 0x0000017792CD6AD0>, <snowplow_tracker.self_describing_json.SelfDescribingJson object at 0x000001779614B690>]}


============================== 13:28:31.839837 | d46ebe9c-7719-410d-919c-e16cb62ed7c4 ==============================
[0m13:28:31.839837 [info ] [MainThread]: Running with dbt=1.7.3
[0m13:28:31.844342 [debug] [MainThread]: running dbt with arguments {'printer_width': '80', 'indirect_selection': 'eager', 'log_cache_events': 'False', 'write_json': 'True', 'partial_parse': 'True', 'cache_selected_only': 'False', 'profiles_dir': 'C:\\Users\\Vivek\\.dbt', 'fail_fast': 'False', 'version_check': 'True', 'log_path': 'logs', 'warn_error': 'None', 'debug': 'False', 'use_colors': 'True', 'use_experimental_parser': 'False', 'no_print': 'None', 'quiet': 'False', 'warn_error_options': 'WarnErrorOptions(include=[], exclude=[])', 'introspect': 'True', 'invocation_command': 'dbt run', 'log_format': 'default', 'target_path': 'None', 'static_parser': 'True', 'send_anonymous_usage_stats': 'True'}
[0m13:28:31.845384 [error] [MainThread]: Encountered an error:
Runtime Error
  No dbt_project.yml found at expected path C:\Users\Vivek\.dbt\dbt_project.yml
  Verify that each entry within packages.yml (and their transitive dependencies) contains a file named dbt_project.yml
  
[0m13:28:31.845384 [debug] [MainThread]: Command `dbt run` failed at 13:28:31.845384 after 0.06 seconds
[0m13:28:31.845384 [debug] [MainThread]: Sending event: {'category': 'dbt', 'action': 'invocation', 'label': 'end', 'context': [<snowplow_tracker.self_describing_json.SelfDescribingJson object at 0x00000177969E2010>, <snowplow_tracker.self_describing_json.SelfDescribingJson object at 0x0000017796503650>, <snowplow_tracker.self_describing_json.SelfDescribingJson object at 0x00000177969C7750>]}
[0m13:28:31.845384 [debug] [MainThread]: Flushing usage events
[0m13:28:45.847886 [debug] [MainThread]: Sending event: {'category': 'dbt', 'action': 'invocation', 'label': 'start', 'context': [<snowplow_tracker.self_describing_json.SelfDescribingJson object at 0x000001FEE1D84C90>, <snowplow_tracker.self_describing_json.SelfDescribingJson object at 0x000001FEE1E75290>, <snowplow_tracker.self_describing_json.SelfDescribingJson object at 0x000001FEE15FB050>]}


============================== 13:28:45.847886 | 563d6b2f-b036-41ec-a386-49f4a32025a8 ==============================
[0m13:28:45.847886 [info ] [MainThread]: Running with dbt=1.7.3
[0m13:28:45.847886 [debug] [MainThread]: running dbt with arguments {'printer_width': '80', 'indirect_selection': 'eager', 'log_cache_events': 'False', 'write_json': 'True', 'partial_parse': 'True', 'cache_selected_only': 'False', 'warn_error': 'None', 'debug': 'False', 'profiles_dir': 'C:\\Users\\Vivek\\.dbt', 'log_path': 'logs', 'version_check': 'True', 'fail_fast': 'False', 'use_colors': 'True', 'use_experimental_parser': 'False', 'no_print': 'None', 'quiet': 'False', 'warn_error_options': 'WarnErrorOptions(include=[], exclude=[])', 'introspect': 'True', 'invocation_command': 'dbt init', 'log_format': 'default', 'target_path': 'None', 'static_parser': 'True', 'send_anonymous_usage_stats': 'True'}
[0m13:28:57.008325 [debug] [MainThread]: Starter project path: C:\Users\Vivek\AppData\Local\Programs\Python\Python311\Lib\site-packages\dbt\include\starter_project
[0m13:28:57.034426 [info ] [MainThread]: 
Your new dbt project "sample_data" was created!

For more information on how to configure the profiles.yml file,
please consult the dbt documentation here:

  https://docs.getdbt.com/docs/configure-your-profile

One more thing:

Need help? Don't hesitate to reach out to us via GitHub issues or on Slack:

  https://community.getdbt.com/

Happy modeling!

[0m13:28:57.036889 [info ] [MainThread]: Setting up your profile.
[0m13:35:16.470747 [info ] [MainThread]: Profile sample_data written to C:\Users\Vivek\.dbt\profiles.yml using target's profile_template.yml and your supplied values. Run 'dbt debug' to validate the connection.
[0m13:35:16.470747 [debug] [MainThread]: Command `dbt init` succeeded at 13:35:16.470747 after 390.68 seconds
[0m13:35:16.470747 [debug] [MainThread]: Sending event: {'category': 'dbt', 'action': 'invocation', 'label': 'end', 'context': [<snowplow_tracker.self_describing_json.SelfDescribingJson object at 0x000001FEE2277210>, <snowplow_tracker.self_describing_json.SelfDescribingJson object at 0x000001FEE226FD10>, <snowplow_tracker.self_describing_json.SelfDescribingJson object at 0x000001FEE226F8D0>]}
[0m13:35:16.470747 [debug] [MainThread]: Flushing usage events
[0m13:35:39.729296 [debug] [MainThread]: Sending event: {'category': 'dbt', 'action': 'invocation', 'label': 'start', 'context': [<snowplow_tracker.self_describing_json.SelfDescribingJson object at 0x000001769464D750>, <snowplow_tracker.self_describing_json.SelfDescribingJson object at 0x000001769464C890>, <snowplow_tracker.self_describing_json.SelfDescribingJson object at 0x000001769410EED0>]}


============================== 13:35:39.729296 | 234c7720-50a0-4839-acc4-2635eca303e1 ==============================
[0m13:35:39.729296 [info ] [MainThread]: Running with dbt=1.7.3
[0m13:35:39.736018 [debug] [MainThread]: running dbt with arguments {'printer_width': '80', 'indirect_selection': 'eager', 'write_json': 'True', 'log_cache_events': 'False', 'partial_parse': 'True', 'cache_selected_only': 'False', 'profiles_dir': 'C:\\Users\\Vivek\\.dbt', 'debug': 'False', 'fail_fast': 'False', 'log_path': 'logs', 'version_check': 'True', 'warn_error': 'None', 'use_colors': 'True', 'use_experimental_parser': 'False', 'no_print': 'None', 'quiet': 'False', 'log_format': 'default', 'introspect': 'True', 'invocation_command': 'dbt debug', 'warn_error_options': 'WarnErrorOptions(include=[], exclude=[])', 'target_path': 'None', 'static_parser': 'True', 'send_anonymous_usage_stats': 'True'}
[0m13:35:39.737166 [info ] [MainThread]: dbt version: 1.7.3
[0m13:35:39.737166 [info ] [MainThread]: python version: 3.11.7
[0m13:35:39.738516 [info ] [MainThread]: python path: C:\Users\Vivek\AppData\Local\Programs\Python\Python311\python.exe
[0m13:35:39.739044 [info ] [MainThread]: os info: Windows-10-10.0.22621-SP0
[0m13:35:40.068474 [info ] [MainThread]: Using profiles dir at C:\Users\Vivek\.dbt
[0m13:35:40.068474 [info ] [MainThread]: Using profiles.yml file at C:\Users\Vivek\.dbt\profiles.yml
[0m13:35:40.078679 [info ] [MainThread]: Using dbt_project.yml file at C:\Users\Vivek\.dbt\dbt_project.yml
[0m13:35:40.079905 [error] [MainThread]: Encountered an error:
Internal Error
  Profile should not be None if loading profile completed
[0m13:35:40.081513 [debug] [MainThread]: Command `dbt debug` failed at 13:35:40.081513 after 0.40 seconds
[0m13:35:40.081513 [debug] [MainThread]: Sending event: {'category': 'dbt', 'action': 'invocation', 'label': 'end', 'context': [<snowplow_tracker.self_describing_json.SelfDescribingJson object at 0x0000017694607950>, <snowplow_tracker.self_describing_json.SelfDescribingJson object at 0x0000017693E67E90>, <snowplow_tracker.self_describing_json.SelfDescribingJson object at 0x0000017693E65410>]}
[0m13:35:40.081513 [debug] [MainThread]: Flushing usage events
[0m13:39:02.126259 [debug] [MainThread]: Sending event: {'category': 'dbt', 'action': 'invocation', 'label': 'start', 'context': [<snowplow_tracker.self_describing_json.SelfDescribingJson object at 0x000001D703FDCF90>, <snowplow_tracker.self_describing_json.SelfDescribingJson object at 0x000001D703C4BED0>, <snowplow_tracker.self_describing_json.SelfDescribingJson object at 0x000001D704410910>]}


============================== 13:39:02.126785 | e8be9699-f711-47a6-adb4-a47a0e188aa1 ==============================
[0m13:39:02.126785 [info ] [MainThread]: Running with dbt=1.7.3
[0m13:39:02.126785 [debug] [MainThread]: running dbt with arguments {'printer_width': '80', 'indirect_selection': 'eager', 'log_cache_events': 'False', 'write_json': 'True', 'partial_parse': 'True', 'cache_selected_only': 'False', 'profiles_dir': 'C:\\Users\\Vivek\\.dbt', 'debug': 'False', 'fail_fast': 'False', 'log_path': 'logs', 'warn_error': 'None', 'version_check': 'True', 'use_colors': 'True', 'use_experimental_parser': 'False', 'no_print': 'None', 'quiet': 'False', 'warn_error_options': 'WarnErrorOptions(include=[], exclude=[])', 'invocation_command': 'dbt init my_project', 'static_parser': 'True', 'log_format': 'default', 'target_path': 'None', 'introspect': 'True', 'send_anonymous_usage_stats': 'True'}
[0m13:39:02.131310 [debug] [MainThread]: Starter project path: C:\Users\Vivek\AppData\Local\Programs\Python\Python311\Lib\site-packages\dbt\include\starter_project
[0m13:39:02.148121 [info ] [MainThread]: 
Your new dbt project "my_project" was created!

For more information on how to configure the profiles.yml file,
please consult the dbt documentation here:

  https://docs.getdbt.com/docs/configure-your-profile

One more thing:

Need help? Don't hesitate to reach out to us via GitHub issues or on Slack:

  https://community.getdbt.com/

Happy modeling!

[0m13:39:02.149531 [info ] [MainThread]: Setting up your profile.
[0m13:48:52.994075 [debug] [MainThread]: Sending event: {'category': 'dbt', 'action': 'invocation', 'label': 'start', 'context': [<snowplow_tracker.self_describing_json.SelfDescribingJson object at 0x00000230B13C7510>, <snowplow_tracker.self_describing_json.SelfDescribingJson object at 0x00000230B13C6E10>, <snowplow_tracker.self_describing_json.SelfDescribingJson object at 0x00000230B1683650>]}


============================== 13:48:52.994075 | fc82bc13-3d38-41bf-b8ad-8a6f7539b149 ==============================
[0m13:48:52.994075 [info ] [MainThread]: Running with dbt=1.7.3
[0m13:48:52.994075 [debug] [MainThread]: running dbt with arguments {'printer_width': '80', 'indirect_selection': 'eager', 'write_json': 'True', 'log_cache_events': 'False', 'partial_parse': 'True', 'cache_selected_only': 'False', 'warn_error': 'None', 'version_check': 'True', 'debug': 'False', 'log_path': 'logs', 'fail_fast': 'False', 'profiles_dir': 'C:\\Users\\Vivek\\.dbt', 'use_colors': 'True', 'use_experimental_parser': 'False', 'no_print': 'None', 'quiet': 'False', 'warn_error_options': 'WarnErrorOptions(include=[], exclude=[])', 'introspect': 'True', 'invocation_command': 'dbt init', 'static_parser': 'True', 'target_path': 'None', 'log_format': 'default', 'send_anonymous_usage_stats': 'True'}
[0m13:50:14.456279 [debug] [MainThread]: Starter project path: C:\Users\Vivek\AppData\Local\Programs\Python\Python311\Lib\site-packages\dbt\include\starter_project
[0m13:50:14.479195 [info ] [MainThread]: 
Your new dbt project "sample_dat" was created!

For more information on how to configure the profiles.yml file,
please consult the dbt documentation here:

  https://docs.getdbt.com/docs/configure-your-profile

One more thing:

Need help? Don't hesitate to reach out to us via GitHub issues or on Slack:

  https://community.getdbt.com/

Happy modeling!

[0m13:50:14.480226 [info ] [MainThread]: Setting up your profile.
[0m13:52:13.871643 [info ] [MainThread]: Profile sample_dat written to C:\Users\Vivek\.dbt\profiles.yml using target's profile_template.yml and your supplied values. Run 'dbt debug' to validate the connection.
[0m13:52:13.871643 [debug] [MainThread]: Command `dbt init` succeeded at 13:52:13.871643 after 200.93 seconds
[0m13:52:13.871643 [debug] [MainThread]: Sending event: {'category': 'dbt', 'action': 'invocation', 'label': 'end', 'context': [<snowplow_tracker.self_describing_json.SelfDescribingJson object at 0x00000230B12FB050>, <snowplow_tracker.self_describing_json.SelfDescribingJson object at 0x00000230B1AA5E50>, <snowplow_tracker.self_describing_json.SelfDescribingJson object at 0x00000230B139A150>]}
[0m13:52:13.871643 [debug] [MainThread]: Flushing usage events
[0m13:52:35.866399 [debug] [MainThread]: Sending event: {'category': 'dbt', 'action': 'invocation', 'label': 'start', 'context': [<snowplow_tracker.self_describing_json.SelfDescribingJson object at 0x00000218358954D0>, <snowplow_tracker.self_describing_json.SelfDescribingJson object at 0x000002183588F750>, <snowplow_tracker.self_describing_json.SelfDescribingJson object at 0x000002183588FA90>]}


============================== 13:52:35.866399 | fb77aa19-8154-46b2-a012-28f2a8f76d74 ==============================
[0m13:52:35.866399 [info ] [MainThread]: Running with dbt=1.7.3
[0m13:52:35.866399 [debug] [MainThread]: running dbt with arguments {'printer_width': '80', 'indirect_selection': 'eager', 'write_json': 'True', 'log_cache_events': 'False', 'partial_parse': 'True', 'cache_selected_only': 'False', 'profiles_dir': 'C:\\Users\\Vivek\\.dbt', 'debug': 'False', 'version_check': 'True', 'log_path': 'logs', 'warn_error': 'None', 'fail_fast': 'False', 'use_colors': 'True', 'use_experimental_parser': 'False', 'no_print': 'None', 'quiet': 'False', 'log_format': 'default', 'invocation_command': 'dbt debug', 'warn_error_options': 'WarnErrorOptions(include=[], exclude=[])', 'introspect': 'True', 'target_path': 'None', 'static_parser': 'True', 'send_anonymous_usage_stats': 'True'}
[0m13:52:35.866399 [info ] [MainThread]: dbt version: 1.7.3
[0m13:52:35.866399 [info ] [MainThread]: python version: 3.11.7
[0m13:52:35.866399 [info ] [MainThread]: python path: C:\Users\Vivek\AppData\Local\Programs\Python\Python311\python.exe
[0m13:52:35.866399 [info ] [MainThread]: os info: Windows-10-10.0.22621-SP0
[0m13:52:36.197862 [info ] [MainThread]: Using profiles dir at C:\Users\Vivek\.dbt
[0m13:52:36.197862 [info ] [MainThread]: Using profiles.yml file at C:\Users\Vivek\.dbt\profiles.yml
[0m13:52:36.197862 [info ] [MainThread]: Using dbt_project.yml file at C:\Users\Vivek\.dbt\dbt_project.yml
[0m13:52:36.197862 [error] [MainThread]: Encountered an error:
Internal Error
  Profile should not be None if loading profile completed
[0m13:52:36.197862 [debug] [MainThread]: Command `dbt debug` failed at 13:52:36.197862 after 0.39 seconds
[0m13:52:36.197862 [debug] [MainThread]: Sending event: {'category': 'dbt', 'action': 'invocation', 'label': 'end', 'context': [<snowplow_tracker.self_describing_json.SelfDescribingJson object at 0x0000021833F19110>, <snowplow_tracker.self_describing_json.SelfDescribingJson object at 0x00000218359000D0>, <snowplow_tracker.self_describing_json.SelfDescribingJson object at 0x0000021835108510>]}
[0m13:52:36.197862 [debug] [MainThread]: Flushing usage events
[0m14:00:43.626278 [debug] [MainThread]: Sending event: {'category': 'dbt', 'action': 'invocation', 'label': 'start', 'context': [<snowplow_tracker.self_describing_json.SelfDescribingJson object at 0x0000012D008F2D10>, <snowplow_tracker.self_describing_json.SelfDescribingJson object at 0x0000012D003F7750>, <snowplow_tracker.self_describing_json.SelfDescribingJson object at 0x0000012D008F0910>]}


============================== 14:00:43.626278 | ecfc616c-9bcd-420f-892e-d8e43200c003 ==============================
[0m14:00:43.626278 [info ] [MainThread]: Running with dbt=1.7.3
[0m14:00:43.626278 [debug] [MainThread]: running dbt with arguments {'printer_width': '80', 'indirect_selection': 'eager', 'log_cache_events': 'False', 'write_json': 'True', 'partial_parse': 'True', 'cache_selected_only': 'False', 'profiles_dir': 'C:\\Users\\Vivek\\.dbt', 'fail_fast': 'False', 'warn_error': 'None', 'log_path': 'logs', 'debug': 'False', 'version_check': 'True', 'use_colors': 'True', 'use_experimental_parser': 'False', 'no_print': 'None', 'quiet': 'False', 'warn_error_options': 'WarnErrorOptions(include=[], exclude=[])', 'static_parser': 'True', 'log_format': 'default', 'invocation_command': 'dbt run', 'target_path': 'None', 'introspect': 'True', 'send_anonymous_usage_stats': 'True'}
[0m14:00:43.626278 [error] [MainThread]: Encountered an error:
Runtime Error
  No dbt_project.yml found at expected path C:\Users\Vivek\.dbt\dbt_project.yml
  Verify that each entry within packages.yml (and their transitive dependencies) contains a file named dbt_project.yml
  
[0m14:00:43.641932 [debug] [MainThread]: Command `dbt run` failed at 14:00:43.641932 after 0.06 seconds
[0m14:00:43.641932 [debug] [MainThread]: Sending event: {'category': 'dbt', 'action': 'invocation', 'label': 'end', 'context': [<snowplow_tracker.self_describing_json.SelfDescribingJson object at 0x0000012D003FCD50>, <snowplow_tracker.self_describing_json.SelfDescribingJson object at 0x0000012D008C6010>, <snowplow_tracker.self_describing_json.SelfDescribingJson object at 0x0000012D008C5490>]}
[0m14:00:43.641932 [debug] [MainThread]: Flushing usage events
[0m15:38:47.330379 [debug] [MainThread]: Sending event: {'category': 'dbt', 'action': 'invocation', 'label': 'start', 'context': [<snowplow_tracker.self_describing_json.SelfDescribingJson object at 0x000002B2376DFB90>, <snowplow_tracker.self_describing_json.SelfDescribingJson object at 0x000002B236FDBE90>, <snowplow_tracker.self_describing_json.SelfDescribingJson object at 0x000002B2377191D0>]}


============================== 15:38:47.330379 | fcbf5728-620f-46a7-af0f-01e140eb070f ==============================
[0m15:38:47.330379 [info ] [MainThread]: Running with dbt=1.7.3
[0m15:38:47.330379 [debug] [MainThread]: running dbt with arguments {'printer_width': '80', 'indirect_selection': 'eager', 'log_cache_events': 'False', 'write_json': 'True', 'partial_parse': 'True', 'cache_selected_only': 'False', 'warn_error': 'None', 'debug': 'False', 'version_check': 'True', 'log_path': 'logs', 'fail_fast': 'False', 'profiles_dir': 'C:\\Users\\Vivek\\.dbt', 'use_colors': 'True', 'use_experimental_parser': 'False', 'no_print': 'None', 'quiet': 'False', 'log_format': 'default', 'invocation_command': 'dbt run', 'introspect': 'True', 'warn_error_options': 'WarnErrorOptions(include=[], exclude=[])', 'target_path': 'None', 'static_parser': 'True', 'send_anonymous_usage_stats': 'True'}
[0m15:38:47.330379 [error] [MainThread]: Encountered an error:
Runtime Error
  No dbt_project.yml found at expected path C:\Users\Vivek\.dbt\dbt_project.yml
  Verify that each entry within packages.yml (and their transitive dependencies) contains a file named dbt_project.yml
  
[0m15:38:47.346024 [debug] [MainThread]: Command `dbt run` failed at 15:38:47.346024 after 0.06 seconds
[0m15:38:47.347546 [debug] [MainThread]: Sending event: {'category': 'dbt', 'action': 'invocation', 'label': 'end', 'context': [<snowplow_tracker.self_describing_json.SelfDescribingJson object at 0x000002B237223690>, <snowplow_tracker.self_describing_json.SelfDescribingJson object at 0x000002B2371F6450>, <snowplow_tracker.self_describing_json.SelfDescribingJson object at 0x000002B2371F7050>]}
[0m15:38:47.348072 [debug] [MainThread]: Flushing usage events
[0m15:39:10.378958 [debug] [MainThread]: Sending event: {'category': 'dbt', 'action': 'invocation', 'label': 'start', 'context': [<snowplow_tracker.self_describing_json.SelfDescribingJson object at 0x000001FEA5504ED0>, <snowplow_tracker.self_describing_json.SelfDescribingJson object at 0x000001FEA5504B10>, <snowplow_tracker.self_describing_json.SelfDescribingJson object at 0x000001FEA594C9D0>]}


============================== 15:39:10.378958 | 08dfe1fe-bdd1-457d-816b-64a5963c3ba7 ==============================
[0m15:39:10.378958 [info ] [MainThread]: Running with dbt=1.7.3
[0m15:39:10.378958 [debug] [MainThread]: running dbt with arguments {'printer_width': '80', 'indirect_selection': 'eager', 'log_cache_events': 'False', 'write_json': 'True', 'partial_parse': 'True', 'cache_selected_only': 'False', 'warn_error': 'None', 'fail_fast': 'False', 'profiles_dir': 'C:\\Users\\Vivek\\.dbt', 'log_path': 'logs', 'debug': 'False', 'version_check': 'True', 'use_colors': 'True', 'use_experimental_parser': 'False', 'no_print': 'None', 'quiet': 'False', 'log_format': 'default', 'static_parser': 'True', 'warn_error_options': 'WarnErrorOptions(include=[], exclude=[])', 'invocation_command': 'dbt init my_dbt_project', 'target_path': 'None', 'introspect': 'True', 'send_anonymous_usage_stats': 'True'}
[0m15:39:10.395075 [debug] [MainThread]: Starter project path: C:\Users\Vivek\AppData\Local\Programs\Python\Python311\Lib\site-packages\dbt\include\starter_project
[0m15:39:10.410896 [info ] [MainThread]: 
Your new dbt project "my_dbt_project" was created!

For more information on how to configure the profiles.yml file,
please consult the dbt documentation here:

  https://docs.getdbt.com/docs/configure-your-profile

One more thing:

Need help? Don't hesitate to reach out to us via GitHub issues or on Slack:

  https://community.getdbt.com/

Happy modeling!

[0m15:39:10.411832 [info ] [MainThread]: Setting up your profile.
[0m15:42:43.390357 [info ] [MainThread]: Profile my_dbt_project written to C:\Users\Vivek\.dbt\profiles.yml using target's profile_template.yml and your supplied values. Run 'dbt debug' to validate the connection.
[0m15:42:43.396230 [debug] [MainThread]: Command `dbt init` succeeded at 15:42:43.396230 after 213.06 seconds
[0m15:42:43.396230 [debug] [MainThread]: Sending event: {'category': 'dbt', 'action': 'invocation', 'label': 'end', 'context': [<snowplow_tracker.self_describing_json.SelfDescribingJson object at 0x000001FEA594FD90>, <snowplow_tracker.self_describing_json.SelfDescribingJson object at 0x000001FE9E2898D0>, <snowplow_tracker.self_describing_json.SelfDescribingJson object at 0x000001FEA56C6E90>]}
[0m15:42:43.396230 [debug] [MainThread]: Flushing usage events
[0m18:50:20.075412 [debug] [MainThread]: Sending event: {'category': 'dbt', 'action': 'invocation', 'label': 'start', 'context': [<snowplow_tracker.self_describing_json.SelfDescribingJson object at 0x0000011F45F05050>, <snowplow_tracker.self_describing_json.SelfDescribingJson object at 0x0000011F45B05550>, <snowplow_tracker.self_describing_json.SelfDescribingJson object at 0x0000011F45A17F50>]}


============================== 18:50:20.083391 | 3d0103e9-e0f9-4302-b2fc-a56c5794b97a ==============================
[0m18:50:20.083391 [info ] [MainThread]: Running with dbt=1.7.3
[0m18:50:20.083391 [debug] [MainThread]: running dbt with arguments {'printer_width': '80', 'indirect_selection': 'eager', 'write_json': 'True', 'log_cache_events': 'False', 'partial_parse': 'True', 'cache_selected_only': 'False', 'profiles_dir': 'C:\\Users\\Vivek\\.dbt', 'fail_fast': 'False', 'debug': 'False', 'log_path': 'logs', 'warn_error': 'None', 'version_check': 'True', 'use_colors': 'True', 'use_experimental_parser': 'False', 'no_print': 'None', 'quiet': 'False', 'log_format': 'default', 'introspect': 'True', 'static_parser': 'True', 'invocation_command': 'dbt init sales', 'target_path': 'None', 'warn_error_options': 'WarnErrorOptions(include=[], exclude=[])', 'send_anonymous_usage_stats': 'True'}
[0m18:50:20.083391 [debug] [MainThread]: Starter project path: C:\Users\Vivek\AppData\Local\Programs\Python\Python311\Lib\site-packages\dbt\include\starter_project
[0m18:50:20.105630 [info ] [MainThread]: 
Your new dbt project "sales" was created!

For more information on how to configure the profiles.yml file,
please consult the dbt documentation here:

  https://docs.getdbt.com/docs/configure-your-profile

One more thing:

Need help? Don't hesitate to reach out to us via GitHub issues or on Slack:

  https://community.getdbt.com/

Happy modeling!

[0m18:50:20.107870 [info ] [MainThread]: Setting up your profile.
[0m18:52:05.945644 [info ] [MainThread]: Profile sales written to C:\Users\Vivek\.dbt\profiles.yml using target's profile_template.yml and your supplied values. Run 'dbt debug' to validate the connection.
[0m18:52:05.945644 [debug] [MainThread]: Command `dbt init` succeeded at 18:52:05.945644 after 105.92 seconds
[0m18:52:05.945644 [debug] [MainThread]: Sending event: {'category': 'dbt', 'action': 'invocation', 'label': 'end', 'context': [<snowplow_tracker.self_describing_json.SelfDescribingJson object at 0x0000011F45C3E450>, <snowplow_tracker.self_describing_json.SelfDescribingJson object at 0x0000011F45C3EB50>, <snowplow_tracker.self_describing_json.SelfDescribingJson object at 0x0000011F3E99B590>]}
[0m18:52:05.945644 [debug] [MainThread]: Flushing usage events
[0m18:52:21.578308 [debug] [MainThread]: Sending event: {'category': 'dbt', 'action': 'invocation', 'label': 'start', 'context': [<snowplow_tracker.self_describing_json.SelfDescribingJson object at 0x0000016ED56FD110>, <snowplow_tracker.self_describing_json.SelfDescribingJson object at 0x0000016ED55229D0>, <snowplow_tracker.self_describing_json.SelfDescribingJson object at 0x0000016ED5522E50>]}


============================== 18:52:21.578308 | 2c689fe6-bcad-41ac-a2f2-c754b392da7d ==============================
[0m18:52:21.578308 [info ] [MainThread]: Running with dbt=1.7.3
[0m18:52:21.586328 [debug] [MainThread]: running dbt with arguments {'printer_width': '80', 'indirect_selection': 'eager', 'log_cache_events': 'False', 'write_json': 'True', 'partial_parse': 'True', 'cache_selected_only': 'False', 'warn_error': 'None', 'fail_fast': 'False', 'version_check': 'True', 'log_path': 'logs', 'debug': 'False', 'profiles_dir': 'C:\\Users\\Vivek\\.dbt', 'use_colors': 'True', 'use_experimental_parser': 'False', 'no_print': 'None', 'quiet': 'False', 'log_format': 'default', 'introspect': 'True', 'invocation_command': 'dbt debug', 'warn_error_options': 'WarnErrorOptions(include=[], exclude=[])', 'target_path': 'None', 'static_parser': 'True', 'send_anonymous_usage_stats': 'True'}
[0m18:52:21.586328 [info ] [MainThread]: dbt version: 1.7.3
[0m18:52:21.586328 [info ] [MainThread]: python version: 3.11.7
[0m18:52:21.586328 [info ] [MainThread]: python path: C:\Users\Vivek\AppData\Local\Programs\Python\Python311\python.exe
[0m18:52:21.586328 [info ] [MainThread]: os info: Windows-10-10.0.22621-SP0
[0m18:52:21.914298 [info ] [MainThread]: Using profiles dir at C:\Users\Vivek\.dbt
[0m18:52:21.914298 [info ] [MainThread]: Using profiles.yml file at C:\Users\Vivek\.dbt\profiles.yml
[0m18:52:21.914298 [info ] [MainThread]: Using dbt_project.yml file at C:\Users\Vivek\.dbt\dbt_project.yml
[0m18:52:21.914298 [error] [MainThread]: Encountered an error:
Internal Error
  Profile should not be None if loading profile completed
[0m18:52:21.914298 [debug] [MainThread]: Command `dbt debug` failed at 18:52:21.914298 after 0.39 seconds
[0m18:52:21.914298 [debug] [MainThread]: Sending event: {'category': 'dbt', 'action': 'invocation', 'label': 'end', 'context': [<snowplow_tracker.self_describing_json.SelfDescribingJson object at 0x0000016ED5CA93D0>, <snowplow_tracker.self_describing_json.SelfDescribingJson object at 0x0000016ED5CD84D0>, <snowplow_tracker.self_describing_json.SelfDescribingJson object at 0x0000016ED56FD110>]}
[0m18:52:21.914298 [debug] [MainThread]: Flushing usage events
[0m18:55:25.346844 [debug] [MainThread]: Sending event: {'category': 'dbt', 'action': 'invocation', 'label': 'start', 'context': [<snowplow_tracker.self_describing_json.SelfDescribingJson object at 0x00000275DCCB4CD0>, <snowplow_tracker.self_describing_json.SelfDescribingJson object at 0x00000275DC8585D0>, <snowplow_tracker.self_describing_json.SelfDescribingJson object at 0x00000275DC7A1BD0>]}


============================== 18:55:25.346844 | 0079c786-ab03-4c89-896b-dc63941bdb37 ==============================
[0m18:55:25.346844 [info ] [MainThread]: Running with dbt=1.7.3
[0m18:55:25.346844 [debug] [MainThread]: running dbt with arguments {'printer_width': '80', 'indirect_selection': 'eager', 'write_json': 'True', 'log_cache_events': 'False', 'partial_parse': 'True', 'cache_selected_only': 'False', 'warn_error': 'None', 'debug': 'False', 'version_check': 'True', 'log_path': 'logs', 'profiles_dir': 'C:\\Users\\Vivek\\.dbt', 'fail_fast': 'False', 'use_colors': 'True', 'use_experimental_parser': 'False', 'no_print': 'None', 'quiet': 'False', 'log_format': 'default', 'invocation_command': 'dbt init sales', 'static_parser': 'True', 'warn_error_options': 'WarnErrorOptions(include=[], exclude=[])', 'target_path': 'None', 'introspect': 'True', 'send_anonymous_usage_stats': 'True'}
[0m18:55:25.354871 [info ] [MainThread]: A project called sales already exists here.
[0m18:55:25.354871 [debug] [MainThread]: Command `dbt init` succeeded at 18:55:25.354871 after 0.06 seconds
[0m18:55:25.354871 [debug] [MainThread]: Sending event: {'category': 'dbt', 'action': 'invocation', 'label': 'end', 'context': [<snowplow_tracker.self_describing_json.SelfDescribingJson object at 0x00000275DC5AB8D0>, <snowplow_tracker.self_describing_json.SelfDescribingJson object at 0x00000275DC5DC910>, <snowplow_tracker.self_describing_json.SelfDescribingJson object at 0x00000275DC52BA10>]}
[0m18:55:25.354871 [debug] [MainThread]: Flushing usage events
